{
  "stats": {
    "suites": 1,
    "tests": 2,
    "passes": 2,
    "pending": 0,
    "failures": 0,
    "start": "2023-07-12T16:50:44.563Z",
    "end": "2023-07-12T16:50:59.243Z",
    "duration": 14680,
    "testsRegistered": 2,
    "passPercent": 100,
    "pendingPercent": 0,
    "other": 0,
    "hasOther": false,
    "skipped": 0,
    "hasSkipped": false
  },
  "results": [
    {
      "uuid": "d5e67eb9-8eb6-4955-a3f7-85ddced8d9aa",
      "title": "",
      "fullFile": "cypress/e2e/uitesting.spec.cy.js",
      "file": "cypress/e2e/uitesting.spec.cy.js",
      "beforeHooks": [],
      "afterHooks": [],
      "tests": [],
      "suites": [
        {
          "uuid": "8403b1a1-ca5c-4f16-96f8-fd759c3e5023",
          "title": "Sauce Demo UI Testing",
          "fullFile": "",
          "file": "",
          "beforeHooks": [],
          "afterHooks": [],
          "tests": [
            {
              "title": "Load delay",
              "fullTitle": "Sauce Demo UI Testing Load delay",
              "timedOut": null,
              "duration": 6368,
              "state": "passed",
              "speed": "medium",
              "pass": true,
              "fail": false,
              "pending": false,
              "context": null,
              "code": "cy.get('a[href=\"/loaddelay\"]').click();\ncy.get('button.btn.btn-primary', {\n  timeout: 300000\n}).should('be.visible');",
              "err": {},
              "uuid": "4d9f3fe6-12ec-41cd-9e30-46882acca260",
              "parentUUID": "8403b1a1-ca5c-4f16-96f8-fd759c3e5023",
              "isHook": false,
              "skipped": false
            },
            {
              "title": "Progress bar",
              "fullTitle": "Sauce Demo UI Testing Progress bar",
              "timedOut": null,
              "duration": 6683,
              "state": "passed",
              "speed": "medium",
              "pass": true,
              "fail": false,
              "pending": false,
              "context": null,
              "code": "cy.get('a[href=\"/progressbar\"]').click();\ncy.get('#startButton').click();\ncy.get('#progressBar', {\n  timeout: 1000000\n}).should('have.text', '75%');\ncy.get('#stopButton').click();",
              "err": {},
              "uuid": "f6505832-3dbf-449c-8616-22e33e7a55c2",
              "parentUUID": "8403b1a1-ca5c-4f16-96f8-fd759c3e5023",
              "isHook": false,
              "skipped": false
            }
          ],
          "suites": [],
          "passes": [
            "4d9f3fe6-12ec-41cd-9e30-46882acca260",
            "f6505832-3dbf-449c-8616-22e33e7a55c2"
          ],
          "failures": [],
          "pending": [],
          "skipped": [],
          "duration": 13051,
          "root": false,
          "rootEmpty": false,
          "_timeout": 2000
        }
      ],
      "passes": [],
      "failures": [],
      "pending": [],
      "skipped": [],
      "duration": 0,
      "root": true,
      "rootEmpty": true,
      "_timeout": 2000
    }
  ],
  "meta": {
    "mocha": {
      "version": "7.0.1"
    },
    "mochawesome": {
      "options": {
        "quiet": false,
        "reportFilename": "report",
        "saveHtml": true,
        "saveJson": true,
        "consoleReporter": "spec",
        "useInlineDiffs": false,
        "code": true
      },
      "version": "7.1.3"
    },
    "marge": {
      "options": {
        "charts": true,
        "html": true,
        "json": true,
        "reportDir": "cypress/reports",
        "reportFilename": "report",
        "overwrite": true
      },
      "version": "6.2.0"
    }
  }
}